[16:03:58] [ServerMain/INFO]: Environment: Environment[sessionHost=https://sessionserver.mojang.com, servicesHost=https://api.minecraftservices.com, name=PROD]
[16:03:59] [ServerMain/INFO]: Loaded 1174 recipes
[16:03:59] [ServerMain/INFO]: Loaded 1271 advancements
[16:03:59] [Server thread/INFO]: Starting minecraft server version 1.20.4
[16:03:59] [Server thread/INFO]: Loading properties
[16:03:59] [Server thread/INFO]: This server is running Paper version git-Paper-423 (MC: 1.20.4) (Implementing API version 1.20.4-R0.1-SNAPSHOT) (Git: 31699ae)
[16:04:00] [Server thread/INFO]: Server Ping Player Sample Count: 12
[16:04:00] [Server thread/INFO]: Using 4 threads for Netty based IO
[16:04:00] [Server thread/WARN]: [!] The timings profiler has been enabled but has been scheduled for removal from Paper in the future.
    We recommend installing the spark profiler as a replacement: https://spark.lucko.me/
    For more information please visit: https://github.com/PaperMC/Paper/issues/8948
[16:04:00] [Server thread/INFO]: [ChunkTaskScheduler] Chunk system is using 1 I/O threads, 3 worker threads, and gen parallelism of 3 threads
[16:04:00] [Server thread/INFO]: Default game type: SURVIVAL
[16:04:00] [Server thread/INFO]: Generating keypair
[16:04:00] [Server thread/INFO]: Starting Minecraft server on *:25565
[16:04:00] [Server thread/INFO]: Using epoll channel type
[16:04:00] [Server thread/INFO]: Paper: Using libdeflate (Linux x86_64) compression from Velocity.
[16:04:00] [Server thread/INFO]: Paper: Using OpenSSL 3.0.x (Linux x86_64) cipher from Velocity.
[16:04:00] [Server thread/INFO]: [floodgate] Loading server plugin floodgate v2.2.2-SNAPSHOT (b96-7f38765)
[16:04:00] [Server thread/INFO]: [floodgate] Took 372ms to boot Floodgate
[16:04:00] [Server thread/INFO]: [Geyser-Spigot] Loading server plugin Geyser-Spigot v2.2.2-SNAPSHOT
[16:04:01] [Server thread/INFO]: [Geyser-Spigot] Loading extensions...
[16:04:01] [Server thread/INFO]: [Geyser-Spigot] Loaded 0 extension(s)
[16:04:01] [Server thread/INFO]: [WorldEdit] Loading server plugin WorldEdit v7.3.0-beta-04+c28ebca
[16:04:01] [Server thread/INFO]: Got request to register class com.sk89q.worldedit.bukkit.BukkitServerInterface with WorldEdit [com.sk89q.worldedit.extension.platform.PlatformManager@3772686a]
[16:04:01] [Server thread/INFO]: Server permissions file permissions.yml is empty, ignoring it
[16:04:01] [Server thread/INFO]: [WorldEdit] Enabling WorldEdit v7.3.0-beta-04+c28ebca
[16:04:01] [Server thread/INFO]: Registering commands with com.sk89q.worldedit.bukkit.BukkitServerInterface
[16:04:01] [Server thread/INFO]: WEPIF: Using the Bukkit Permissions API.
[16:04:01] [Server thread/INFO]: Using com.sk89q.worldedit.bukkit.adapter.impl.v1_20_R3.PaperweightAdapter as the Bukkit adapter
[16:04:02] [Server thread/WARN]: **** SERVER IS RUNNING IN OFFLINE/INSECURE MODE!
[16:04:02] [Server thread/WARN]: The server will make no attempt to authenticate usernames. Beware.
[16:04:02] [Server thread/WARN]: While this makes the game possible to play without internet access, it also opens up the ability for hackers to connect with any username they choose.
[16:04:02] [Server thread/WARN]: To change this, set "online-mode" to "true" in the server.properties file.
[16:04:02] [Server thread/INFO]: Preparing level "world"
[16:04:02] [Server thread/INFO]: Preparing start region for dimension minecraft:overworld
[16:04:03] [Server thread/INFO]: Time elapsed: 130 ms
[16:04:03] [Server thread/INFO]: Preparing start region for dimension minecraft:the_nether
[16:04:03] [Server thread/INFO]: Time elapsed: 667 ms
[16:04:03] [Server thread/INFO]: Preparing start region for dimension minecraft:the_end
[16:04:03] [Server thread/INFO]: Time elapsed: 23 ms
[16:04:03] [Server thread/INFO]: [floodgate] Enabling floodgate v2.2.2-SNAPSHOT (b96-7f38765)
[16:04:04] [Server thread/INFO]: [Geyser-Spigot] Enabling Geyser-Spigot v2.2.2-SNAPSHOT
[16:04:04] [Server thread/INFO]: [Geyser-Spigot] ******************************************
[16:04:04] [Server thread/INFO]: [Geyser-Spigot] 
[16:04:04] [Server thread/INFO]: [Geyser-Spigot] Loading Geyser version 2.2.2-SNAPSHOT (git-master-f8e6d26)
[16:04:04] [Server thread/INFO]: [Geyser-Spigot] 
[16:04:04] [Server thread/INFO]: [Geyser-Spigot] ******************************************
[16:04:06] [epollEventLoopGroup-3-2/INFO]: [Geyser-Spigot] Started Geyser on 0.0.0.0:19132
[16:04:06] [Server thread/INFO]: [Geyser-Spigot] Done (2.198s)! Run /geyser help for help!
[16:04:06] [Server thread/INFO]: Starting remote control listener
[16:04:06] [Server thread/INFO]: Thread RCON Listener started
[16:04:06] [Server thread/INFO]: RCON running on 0.0.0.0:25575
[16:04:06] [Server thread/INFO]: Running delayed init tasks
[16:04:06] [Server thread/INFO]: Done (6.682s)! For help, type "help"
[16:04:06] [Server thread/INFO]: Timings Reset
[16:04:06] [User Authenticator #0/INFO]: UUID of player IronLung127 is e1980386-fca4-31e0-843d-b8dad3f96938
[16:04:06] [Server thread/INFO]: IronLung127 joined the game
[16:04:06] [Server thread/INFO]: IronLung127[/127.204.27.138:53315] logged in with entity id 122 at ([world]-475.2443155788952, 65.0, 301.7866133412573)
[16:08:08] [Server thread/INFO]: IronLung127 issued server command: /time set 1000
[16:08:14] [Server thread/INFO]: IronLung127 issued server command: /time set61000
[16:08:17] [Server thread/INFO]: IronLung127 issued server command: /time set 61000
[16:08:19] [Server thread/INFO]: IronLung127 issued server command: /time set 6000
[16:10:17] [Server thread/INFO]: IronLung127 issued server command: /gamemode spectator
[16:10:30] [Server thread/INFO]: IronLung127 issued server command: /gamemode creative
[16:17:10] [Server thread/INFO]: IronLung127 issued server command: /gamemode spectator
[16:17:16] [Server thread/INFO]: IronLung127 issued server command: /gamemode creative
[16:18:06] [Server thread/INFO]: IronLung127 issued server command: /gamemode spectator
[16:18:10] [Server thread/INFO]: IronLung127 issued server command: /gamemode creative
[16:28:54] [Server thread/INFO]: IronLung127 issued server command: /weather clear
[16:32:51] [Server thread/INFO]: IronLung127 issued server command: /setblock ~ ~ ~ glass
[16:34:03] [Server thread/INFO]: IronLung127 lost connection: Disconnected
[16:34:03] [Server thread/INFO]: IronLung127 left the game
[17:54:10] [Server thread/INFO]: Stopping server
[17:54:10] [Server thread/INFO]: [WorldEdit] Disabling WorldEdit v7.3.0-beta-04+c28ebca
[17:54:10] [Server console handler/ERROR]: Caught previously unhandled exception :
java.io.IOError: java.io.IOException: Input/output error
	at org.jline.keymap.BindingReader.readCharacter(BindingReader.java:170) ~[jline-reader-3.20.0.jar:?]
	at org.jline.keymap.BindingReader.readBinding(BindingReader.java:110) ~[jline-reader-3.20.0.jar:?]
	at org.jline.keymap.BindingReader.readBinding(BindingReader.java:61) ~[jline-reader-3.20.0.jar:?]
	at org.jline.reader.impl.LineReaderImpl.doReadBinding(LineReaderImpl.java:923) ~[jline-reader-3.20.0.jar:?]
	at org.jline.reader.impl.LineReaderImpl.readBinding(LineReaderImpl.java:956) ~[jline-reader-3.20.0.jar:?]
	at org.jline.reader.impl.LineReaderImpl.readLine(LineReaderImpl.java:651) ~[jline-reader-3.20.0.jar:?]
	at org.jline.reader.impl.LineReaderImpl.readLine(LineReaderImpl.java:468) ~[jline-reader-3.20.0.jar:?]
	at net.minecrell.terminalconsole.SimpleTerminalConsole.readCommands(SimpleTerminalConsole.java:158) ~[terminalconsoleappender-1.3.0.jar:?]
	at net.minecrell.terminalconsole.SimpleTerminalConsole.start(SimpleTerminalConsole.java:141) ~[terminalconsoleappender-1.3.0.jar:?]
	at net.minecraft.server.dedicated.DedicatedServer$1.run(DedicatedServer.java:102) ~[paper-1.20.4.jar:git-Paper-423]
Caused by: java.io.IOException: Input/output error
	at java.io.FileInputStream.read0(Native Method) ~[?:?]
	at java.io.FileInputStream.read(FileInputStream.java:228) ~[?:?]
	at org.jline.terminal.impl.AbstractPty$PtyInputStream.read(AbstractPty.java:73) ~[jline-terminal-3.21.0.jar:?]
	at org.jline.utils.NonBlockingInputStream.read(NonBlockingInputStream.java:62) ~[jline-terminal-3.21.0.jar:?]
	at org.jline.utils.NonBlocking$NonBlockingInputStreamReader.read(NonBlocking.java:168) ~[jline-terminal-3.21.0.jar:?]
	at org.jline.utils.NonBlockingReader.read(NonBlockingReader.java:57) ~[jline-terminal-3.21.0.jar:?]
	at org.jline.keymap.BindingReader.readCharacter(BindingReader.java:160) ~[jline-reader-3.20.0.jar:?]
	... 9 more
[17:54:10] [Server thread/INFO]: Unregistering com.sk89q.worldedit.bukkit.BukkitServerInterface from WorldEdit
[17:54:10] [Server thread/INFO]: [Geyser-Spigot] Disabling Geyser-Spigot v2.2.2-SNAPSHOT
[17:54:10] [Server thread/INFO]: [Geyser-Spigot] Shutting down Geyser.
[17:54:10] [Server thread/INFO]: [Geyser-Spigot] Geyser shutdown successfully.
[17:54:10] [Server thread/INFO]: [floodgate] Disabling floodgate v2.2.2-SNAPSHOT (b96-7f38765)
[17:54:10] [Server thread/INFO]: Saving players
[17:54:10] [Server thread/INFO]: Saving worlds
[17:54:10] [Server thread/INFO]: Saving chunks for level 'ServerLevel[world]'/minecraft:overworld
[17:54:10] [Server thread/INFO]: [ChunkHolderManager] Waiting 60s for chunk system to halt for world 'world'
[17:54:10] [Server thread/INFO]: [ChunkHolderManager] Halted chunk system for world 'world'
[17:54:10] [Server thread/INFO]: [ChunkHolderManager] Saving all chunkholders for world 'world'
[17:54:10] [Server thread/INFO]: [ChunkHolderManager] Saved 0 block chunks, 77 entity chunks, 0 poi chunks in world 'world' in 0.01s
[17:54:10] [Server thread/INFO]: ThreadedAnvilChunkStorage (world): All chunks are saved
[17:54:10] [Server thread/INFO]: Saving chunks for level 'ServerLevel[world_nether]'/minecraft:the_nether
[17:54:10] [Server thread/INFO]: [ChunkHolderManager] Waiting 60s for chunk system to halt for world 'world_nether'
[17:54:10] [Server thread/INFO]: [ChunkHolderManager] Halted chunk system for world 'world_nether'
[17:54:10] [Server thread/INFO]: [ChunkHolderManager] Saving all chunkholders for world 'world_nether'
[17:54:10] [Server thread/INFO]: [ChunkHolderManager] Saved 0 block chunks, 17 entity chunks, 0 poi chunks in world 'world_nether' in 0.00s
[17:54:10] [Server thread/INFO]: ThreadedAnvilChunkStorage (DIM-1): All chunks are saved
[17:54:10] [Server thread/INFO]: Saving chunks for level 'ServerLevel[world_the_end]'/minecraft:the_end
[17:54:10] [Server thread/INFO]: [ChunkHolderManager] Waiting 60s for chunk system to halt for world 'world_the_end'
[17:54:10] [Server thread/INFO]: [ChunkHolderManager] Halted chunk system for world 'world_the_end'
[17:54:10] [Server thread/INFO]: [ChunkHolderManager] Saving all chunkholders for world 'world_the_end'
[17:54:10] [Server thread/INFO]: [ChunkHolderManager] Saved 0 block chunks, 10 entity chunks, 0 poi chunks in world 'world_the_end' in 0.00s
[17:54:10] [Server thread/INFO]: ThreadedAnvilChunkStorage (DIM1): All chunks are saved
[17:54:10] [Server thread/INFO]: ThreadedAnvilChunkStorage: All dimensions are saved
[17:54:10] [Server thread/INFO]: Flushing Chunk IO
[17:54:10] [Server thread/INFO]: Closing Thread Pool
[17:54:10] [Server thread/INFO]: Closing Server
